<?xml version="1.0" encoding="UTF-8"?>
<!-- Generated by org.testng.reporters.JUnitXMLReporter -->
<testsuite hostname="MOB700043" ignored="0" name="Login Test" tests="1" failures="1" timestamp="2020-09-05T06:36:26 IST" time="2.657" errors="0">
  <testcase name="loginTest" time="1.775" classname="com.shanku.testcases.LoginTest">
    <failure type="java.lang.AssertionError" message="null">
      <![CDATA[java.lang.AssertionError: null
at com.shanku.testcases.LoginTest.loginTest(LoginTest.java:17)
at java.util.ArrayList.forEach(ArrayList.java:1257)
... Removed 29 stack frames]]>
    </failure>
  </testcase> <!-- loginTest -->
</testsuite> <!-- Login Test -->
